p, (p_0 + (p_x * cos((a_px * pi * x * pow(L,(-1))))) + (p_y * sin((a_py * pi * y * pow(L,(-1))))) + (p_z * cos((a_pz * pi * z * pow(L,(-1))))))
rho, (rho_0 + (rho_x * sin((a_rhox * pi * x * pow(L,(-1))))) + (rho_y * cos((a_rhoy * pi * y * pow(L,(-1))))) + (rho_z * sin((a_rhoz * pi * z * pow(L,(-1))))))
T, (pow((R * rho),(-1)) * p)
e, (R * pow((-1 + gamma),(-1)) * T)
u, (u_0 + (u_x * sin((a_ux * pi * x * pow(L,(-1))))) + (u_y * cos((a_uy * pi * y * pow(L,(-1))))) + (u_z * cos((a_uz * pi * z * pow(L,(-1))))))
v, (v_0 + (v_x * cos((a_vx * pi * x * pow(L,(-1))))) + (v_y * sin((a_vy * pi * y * pow(L,(-1))))) + (v_z * sin((a_vz * pi * z * pow(L,(-1))))))
w, (w_0 + (w_x * sin((a_wx * pi * x * pow(L,(-1))))) + (w_y * sin((a_wy * pi * y * pow(L,(-1))))) + (w_z * cos((a_wz * pi * z * pow(L,(-1))))))
e_t, ((5.000000000000000e-01 * (pow(u,2) + pow(v,2) + pow(w,2))) + e)
p__x, (-a_px * p_x * pi * pow(L,(-1)) * sin((a_px * pi * x * pow(L,(-1)))))
rho__x, (a_rhox * pi * rho_x * pow(L,(-1)) * cos((a_rhox * pi * x * pow(L,(-1)))))
T__x, (-(R * pow((R * rho),(-2)) * p * rho__x) + (pow((R * rho),(-1)) * p__x))
e__x, (R * pow((-1 + gamma),(-1)) * T__x)
u__x, (a_ux * pi * u_x * pow(L,(-1)) * cos((a_ux * pi * x * pow(L,(-1)))))
v__x, (-a_vx * pi * v_x * pow(L,(-1)) * sin((a_vx * pi * x * pow(L,(-1)))))
w__x, (a_wx * pi * w_x * pow(L,(-1)) * cos((a_wx * pi * x * pow(L,(-1)))))
e_t__x, ((5.000000000000000e-01 * ((2 * u * u__x) + (2 * v * v__x) + (2 * w * w__x))) + e__x)
p__y, (a_py * p_y * pi * pow(L,(-1)) * cos((a_py * pi * y * pow(L,(-1)))))
rho__y, (-a_rhoy * pi * rho_y * pow(L,(-1)) * sin((a_rhoy * pi * y * pow(L,(-1)))))
T__y, (-(R * pow((R * rho),(-2)) * p * rho__y) + (pow((R * rho),(-1)) * p__y))
e__y, (R * pow((-1 + gamma),(-1)) * T__y)
u__y, (-a_uy * pi * u_y * pow(L,(-1)) * sin((a_uy * pi * y * pow(L,(-1)))))
v__y, (a_vy * pi * v_y * pow(L,(-1)) * cos((a_vy * pi * y * pow(L,(-1)))))
w__y, (a_wy * pi * w_y * pow(L,(-1)) * cos((a_wy * pi * y * pow(L,(-1)))))
e_t__y, ((5.000000000000000e-01 * ((2 * u * u__y) + (2 * v * v__y) + (2 * w * w__y))) + e__y)
p__z, (-a_pz * p_z * pi * pow(L,(-1)) * sin((a_pz * pi * z * pow(L,(-1)))))
rho__z, (a_rhoz * pi * rho_z * pow(L,(-1)) * cos((a_rhoz * pi * z * pow(L,(-1)))))
T__z, (-(R * pow((R * rho),(-2)) * p * rho__z) + (pow((R * rho),(-1)) * p__z))
e__z, (R * pow((-1 + gamma),(-1)) * T__z)
u__z, (-a_uz * pi * u_z * pow(L,(-1)) * sin((a_uz * pi * z * pow(L,(-1)))))
v__z, (a_vz * pi * v_z * pow(L,(-1)) * cos((a_vz * pi * z * pow(L,(-1)))))
w__z, (-a_wz * pi * w_z * pow(L,(-1)) * sin((a_wz * pi * z * pow(L,(-1)))))
e_t__z, ((5.000000000000000e-01 * ((2 * u * u__z) + (2 * v * v__z) + (2 * w * w__z))) + e__z)
p__x__x, (-p_x * pow(L,(-2)) * pow(a_px,2) * pow(pi,2) * cos((a_px * pi * x * pow(L,(-1)))))
rho__x__x, (-rho_x * pow(L,(-2)) * pow(a_rhox,2) * pow(pi,2) * sin((a_rhox * pi * x * pow(L,(-1)))))
T__x__x, (-(2 * R * pow((R * rho),(-2)) * p__x * rho__x) - (R * pow((R * rho),(-2)) * p * rho__x__x) + (2 * pow((R * rho),(-3)) * pow(R,2) * pow(rho__x,2) * p) + (pow((R * rho),(-1)) * p__x__x))
q_x__x, (-k * T__x__x)
p__y__y, (-p_y * pow(L,(-2)) * pow(a_py,2) * pow(pi,2) * sin((a_py * pi * y * pow(L,(-1)))))
rho__y__y, (-rho_y * pow(L,(-2)) * pow(a_rhoy,2) * pow(pi,2) * cos((a_rhoy * pi * y * pow(L,(-1)))))
T__y__y, (-(2 * R * pow((R * rho),(-2)) * p__y * rho__y) - (R * pow((R * rho),(-2)) * p * rho__y__y) + (2 * pow((R * rho),(-3)) * pow(R,2) * pow(rho__y,2) * p) + (pow((R * rho),(-1)) * p__y__y))
q_y__y, (-k * T__y__y)
p__z__z, (-p_z * pow(L,(-2)) * pow(a_pz,2) * pow(pi,2) * cos((a_pz * pi * z * pow(L,(-1)))))
rho__z__z, (-rho_z * pow(L,(-2)) * pow(a_rhoz,2) * pow(pi,2) * sin((a_rhoz * pi * z * pow(L,(-1)))))
T__z__z, (-(2 * R * pow((R * rho),(-2)) * p__z * rho__z) - (R * pow((R * rho),(-2)) * p * rho__z__z) + (2 * pow((R * rho),(-3)) * pow(R,2) * pow(rho__z,2) * p) + (pow((R * rho),(-1)) * p__z__z))
q_z__z, (-k * T__z__z)
tau_xx, (6.666666666666666e-01 * mu * (-v__y - w__z + (2 * u__x)))
u__x__x, (-u_x * pow(L,(-2)) * pow(a_ux,2) * pow(pi,2) * sin((a_ux * pi * x * pow(L,(-1)))))
tau_xx__x, (1.333333333333333e+00 * mu * u__x__x)
tau_xy, (mu * (u__y + v__x))
v__x__x, (-v_x * pow(L,(-2)) * pow(a_vx,2) * pow(pi,2) * cos((a_vx * pi * x * pow(L,(-1)))))
tau_xy__x, (mu * v__x__x)
tau_xz, (mu * (u__z + w__x))
w__x__x, (-w_x * pow(L,(-2)) * pow(a_wx,2) * pow(pi,2) * sin((a_wx * pi * x * pow(L,(-1)))))
tau_xz__x, (mu * w__x__x)
tau_yx, tau_xy
u__y__y, (-u_y * pow(L,(-2)) * pow(a_uy,2) * pow(pi,2) * cos((a_uy * pi * y * pow(L,(-1)))))
tau_xy__y, (mu * u__y__y)
tau_yx__y, tau_xy__y
tau_yy, (6.666666666666666e-01 * mu * (-u__x - w__z + (2 * v__y)))
v__y__y, (-v_y * pow(L,(-2)) * pow(a_vy,2) * pow(pi,2) * sin((a_vy * pi * y * pow(L,(-1)))))
tau_yy__y, (1.333333333333333e+00 * mu * v__y__y)
tau_yz, (mu * (v__z + w__y))
w__y__y, (-w_y * pow(L,(-2)) * pow(a_wy,2) * pow(pi,2) * sin((a_wy * pi * y * pow(L,(-1)))))
tau_yz__y, (mu * w__y__y)
tau_zx, tau_xz
u__z__z, (-u_z * pow(L,(-2)) * pow(a_uz,2) * pow(pi,2) * cos((a_uz * pi * z * pow(L,(-1)))))
tau_xz__z, (mu * u__z__z)
tau_zx__z, tau_xz__z
tau_zy, tau_yz
v__z__z, (-v_z * pow(L,(-2)) * pow(a_vz,2) * pow(pi,2) * sin((a_vz * pi * z * pow(L,(-1)))))
tau_yz__z, (mu * v__z__z)
tau_zy__z, tau_yz__z
tau_zz, (6.666666666666666e-01 * mu * (-u__x - v__y + (2 * w__z)))
w__z__z, (-w_z * pow(L,(-2)) * pow(a_wz,2) * pow(pi,2) * cos((a_wz * pi * z * pow(L,(-1)))))
tau_zz__z, (1.333333333333333e+00 * mu * w__z__z)
Q_e, (-(tau_xx * u__x) - (tau_xx__x * u) - (tau_xy * v__x) - (tau_xy__x * v) - (tau_xz * w__x) - (tau_xz__x * w) - (tau_yx * u__y) - (tau_yx__y * u) - (tau_yy * v__y) - (tau_yy__y * v) - (tau_yz * w__y) - (tau_yz__y * w) - (tau_zx * u__z) - (tau_zx__z * u) - (tau_zy * v__z) - (tau_zy__z * v) - (tau_zz * w__z) - (tau_zz__z * w) + (e_t * rho * u__x) + (e_t * rho * v__y) + (e_t * rho * w__z) + (e_t * rho__x * u) + (e_t * rho__y * v) + (e_t * rho__z * w) + (e_t__x * rho * u) + (e_t__y * rho * v) + (e_t__z * rho * w) + (p * u__x) + (p * v__y) + (p * w__z) + (p__x * u) + (p__y * v) + (p__z * w) + q_x__x + q_y__y + q_z__z)
